[debug] > Exec(early(addDefaultCommands), None, None)
[debug] > Exec(addDefaultCommands, None, None)
[debug] > Exec(early(initialize), None, None)
[debug] > Exec(initialize, None, None)
[debug] > Exec(early(addPluginSbtFile="""C:\Users\halime\AppData\Local\Temp\idea.sbt"""), None, None)
[debug] > Exec(addPluginSbtFile="""C:\Users\halime\AppData\Local\Temp\idea.sbt""", None, None)
[debug] > Exec(boot, None, None)
[debug] > Exec(writeSbtVersion, None, None)
[debug] > Exec(reload, None, None)
[debug] > Exec(sbtStashOnFailure, None, None)
[debug] > Exec(onFailure loadFailed, None, None)
[debug] > Exec(loadp, None, None)
[info] welcome to sbt 1.9.7 (Oracle Corporation Java 14.0.2)
[debug] Load.defaultLoad until apply took 100.3789ms
[debug]           Load.loadUnit: plugins took 66.8261ms
[debug]           Load.loadUnit: defsScala took 0.1836ms
[debug] [Loading] Scanning directory C:\Users\halime\Desktop\finalproject\finalprojectv2-haarlepp\project
[debug]             Load.loadUnit: mkEval took 8.3983ms
[debug] [Loading] Found non-root projects 
[debug] [Loading] Done in C:\Users\halime\Desktop\finalproject\finalprojectv2-haarlepp\project, returning: ()
[debug] deducing auto plugins based on known facts Set(Atom(sbt.plugins.CorePlugin)) and clauses Clauses(Clause(Atom(sbt.plugins.JvmPlugin),Set(Atom(sbt.plugins.IvyPlugin)))
[debug] Clause(Atom(sbt.ScriptedPlugin),Set(Atom(sbt.plugins.JvmPlugin)))
[debug] Clause(Atom(sbt.plugins.SbtPlugin),Set(Atom(sbt.ScriptedPlugin)))
[debug] Clause(Atom(sbt.plugins.SemanticdbPlugin),Set(Atom(sbt.plugins.JvmPlugin)))
[debug] Clause(Atom(sbt.plugins.JUnitXmlReportPlugin),Set(Atom(sbt.plugins.JvmPlugin)))
[debug] Clause(Atom(sbt.plugins.MiniDependencyTreePlugin),Set(Atom(sbt.plugins.JvmPlugin)))
[debug] Clause(Atom(sbt.plugins.CorePlugin),Set(Atom(sbt.plugins.IvyPlugin)))
[debug] Clause(Atom(sbt.plugins.IvyPlugin),Set(Atom(sbt.plugins.JvmPlugin)))
[debug] Clause(Atom(sbt.plugins.JvmPlugin),Set(Atom(sbt.plugins.SemanticdbPlugin)))
[debug] Clause(Atom(sbt.plugins.JvmPlugin),Set(Atom(sbt.plugins.JUnitXmlReportPlugin)))
[debug] Clause(Atom(sbt.plugins.CorePlugin),Set(Atom(sbt.plugins.Giter8TemplatePlugin)))
[debug] Clause(Atom(sbt.plugins.JvmPlugin),Set(Atom(sbt.plugins.MiniDependencyTreePlugin))))
[debug]   :: deduced result: Matched(sbt.plugins.CorePlugin,sbt.plugins.Giter8TemplatePlugin,sbt.plugins.IvyPlugin,sbt.plugins.JvmPlugin,sbt.plugins.MiniDependencyTreePlugin,sbt.plugins.JUnitXmlReportPlugin,sbt.plugins.SemanticdbPlugin)
[debug] Plugins.deducer#function took 9.808 ms
[info] loading settings for project finalprojectv2-haarlepp-build from idea.sbt ...
[debug]               Load.resolveProject(finalprojectv2-haarlepp-build) took 29.9974ms
[debug]             Load.loadTransitive: finalizeProject(Project(id finalprojectv2-haarlepp-build, base: C:\Users\halime\Desktop\finalproject\finalprojectv2-haarlepp\project, plugins: List(<none>))) took 44.9578ms
[debug] [Loading] Done in C:\Users\halime\Desktop\finalproject\finalprojectv2-haarlepp\project, returning: (finalprojectv2-haarlepp-build)
[debug]           Load.loadUnit: loadedProjectsRaw took 2078.8039ms
[debug]           Load.loadUnit: cleanEvalClasses took 4.803ms
[debug]         Load.loadUnit(file:/C:/Users/halime/Desktop/finalproject/finalprojectv2-haarlepp/project/, ...) took 2154.2759ms
[debug]       Load.apply: load took 2242.962ms
[debug]       Load.apply: resolveProjects took 3.0306ms
[debug]       Load.apply: finalTransforms took 41.8237ms
[debug]       Load.apply: config.delegates took 3.5614ms
[debug]       Load.apply: Def.make(settings)... took 267.6953ms
[debug]       Load.apply: structureIndex took 73.9218ms
[debug]       Load.apply: mkStreams took 1.114ms
[info] loading project definition from C:\Users\halime\Desktop\finalproject\finalprojectv2-haarlepp\project
[debug] Running task... Cancel: Signal, check cycles: false, forcegc: true
[debug]     Load.loadUnit: plugins took 4219.6217ms
[debug]     Load.loadUnit: defsScala took 0.0017ms
[debug] [Loading] Scanning directory C:\Users\halime\Desktop\finalproject\finalprojectv2-haarlepp
[debug]       Load.loadUnit: mkEval took 0.1393ms
[debug] [Loading] Found root project root w/ remaining 
[debug] deducing auto plugins based on known facts Set(Atom(sbt.plugins.CorePlugin)) and clauses Clauses(Clause(Atom(sbt.plugins.JvmPlugin),Set(Atom(sbt.plugins.IvyPlugin)))
[debug] Clause(Atom(sbt.ScriptedPlugin),Set(Atom(sbt.plugins.JvmPlugin)))
[debug] Clause(Atom(sbt.plugins.SbtPlugin),Set(Atom(sbt.ScriptedPlugin)))
[debug] Clause(Atom(sbt.plugins.SemanticdbPlugin),Set(Atom(sbt.plugins.JvmPlugin)))
[debug] Clause(Atom(sbt.plugins.JUnitXmlReportPlugin),Set(Atom(sbt.plugins.JvmPlugin)))
[debug] Clause(Atom(sbt.plugins.MiniDependencyTreePlugin),Set(Atom(sbt.plugins.JvmPlugin)))
[debug] Clause(Atom(org.jetbrains.sbt.StructurePlugin),Set(Atom(sbt.plugins.JvmPlugin)))
[debug] Clause(Atom(org.jetbrains.sbt.IdeaShellPlugin),Set(Atom(sbt.plugins.JvmPlugin)))
[debug] Clause(Atom(org.jetbrains.sbt.indices.SbtIntellijIndicesPlugin),Set(Atom(sbt.plugins.JvmPlugin)))
[debug] Clause(Atom(sbt.plugins.CorePlugin),Set(Atom(sbt.plugins.IvyPlugin)))
[debug] Clause(Atom(sbt.plugins.IvyPlugin),Set(Atom(sbt.plugins.JvmPlugin)))
[debug] Clause(Atom(sbt.plugins.JvmPlugin),Set(Atom(sbt.plugins.SemanticdbPlugin)))
[debug] Clause(Atom(sbt.plugins.JvmPlugin),Set(Atom(sbt.plugins.JUnitXmlReportPlugin)))
[debug] Clause(Atom(sbt.plugins.CorePlugin),Set(Atom(sbt.plugins.Giter8TemplatePlugin)))
[debug] Clause(Atom(sbt.plugins.JvmPlugin),Set(Atom(sbt.plugins.MiniDependencyTreePlugin)))
[debug] Clause(Atom(sbt.plugins.JvmPlugin),Set(Atom(org.jetbrains.sbt.StructurePlugin)))
[debug] Clause(Atom(sbt.plugins.JvmPlugin),Set(Atom(org.jetbrains.sbt.IdeaShellPlugin)))
[debug] Clause(And(Set(Atom(sbt.plugins.CorePlugin), Atom(sbt.plugins.JvmPlugin))),Set(Atom(org.jetbrains.sbt.indices.SbtIntellijIndicesPlugin))))
[debug]   :: deduced result: Matched(sbt.plugins.CorePlugin,sbt.plugins.Giter8TemplatePlugin,sbt.plugins.IvyPlugin,sbt.plugins.JvmPlugin,sbt.plugins.SemanticdbPlugin,org.jetbrains.sbt.indices.SbtIntellijIndicesPlugin,sbt.plugins.JUnitXmlReportPlugin,org.jetbrains.sbt.IdeaShellPlugin,org.jetbrains.sbt.StructurePlugin,sbt.plugins.MiniDependencyTreePlugin)
[debug] Plugins.deducer#function took 1.9132 ms
[info] loading settings for project root from build.sbt ...
[debug]         Load.resolveProject(root) took 21.772ms
[debug]       Load.loadTransitive: finalizeProject(Project(id root, base: C:\Users\halime\Desktop\finalproject\finalprojectv2-haarlepp, plugins: List(<none>))) took 25.0736ms
[debug] [Loading] Done in C:\Users\halime\Desktop\finalproject\finalprojectv2-haarlepp, returning: (root)
[debug]     Load.loadUnit: loadedProjectsRaw took 793.8623ms
[debug]     Load.loadUnit: cleanEvalClasses took 7.8681ms
[debug]   Load.loadUnit(file:/C:/Users/halime/Desktop/finalproject/finalprojectv2-haarlepp/, ...) took 5023.2376ms
[debug] Load.apply: load took 5033.3942ms
[debug] Load.apply: resolveProjects took 0.1085ms
[debug] Load.apply: finalTransforms took 24.4491ms
[debug] Load.apply: config.delegates took 0.3872ms
[debug] Load.apply: Def.make(settings)... took 112.4127ms
[debug] Load.apply: structureIndex took 22.183ms
[debug] Load.apply: mkStreams took 0.003ms
[info] set current project to scalaFXIntro (in build file:/C:/Users/halime/Desktop/finalproject/finalprojectv2-haarlepp/)
[debug] > Exec(sbtPopOnFailure, None, None)
[debug] > Exec(resumeFromFailure, None, None)
[debug] > Exec(notifyUsersAboutShell, None, None)
[debug] > Exec(iflast shell, None, None)
[debug] > Exec(; set ideaPort in Global := 61969 ; idea-shell, None, None)
[debug] > Exec(set ideaPort in Global := 61969, None, None)
[info] Defining Global / ideaPort
[info] The new value will be used by Compile / compile, Test / compile
[debug] Defining 
[debug] 	Global / ideaPort
[debug] 
[debug] The new value will be used by 
[debug] 	Compile / compile
[debug] 	Test / compile
[info] Reapplying settings...
[info] set current project to scalaFXIntro (in build file:/C:/Users/halime/Desktop/finalproject/finalprojectv2-haarlepp/)
[debug] > Exec(idea-shell, None, None)
